
[0;34mâ•”â•â•â•â•â•â•â•â•â•â•â•â•â•â•â•â•â•â•â•â•â•â•â•â•â•â•â•â•â•â•â•â•â•â•â•â•â•â•â•â•â•â•â•â•â•â•â•â•â•â•â•—[0m
[0;34mâ•‘     BCline Automated Build Script v1.0          â•‘[0m
[0;34mâ•‘     Building: BCline v3.39.2-complete            â•‘[0m
[0;34mâ•šâ•â•â•â•â•â•â•â•â•â•â•â•â•â•â•â•â•â•â•â•â•â•â•â•â•â•â•â•â•â•â•â•â•â•â•â•â•â•â•â•â•â•â•â•â•â•â•â•â•â•â•[0m

[0;34m===================================================[0m
[0;34mStep 0: Checking Prerequisites[0m
[0;34m===================================================[0m
Node.js version: v20.11.1
npm version: 10.2.4
Current branch: bcline-3.39.2-complete
[0;32mâœ… Prerequisites check passed[0m

[0;34m===================================================[0m
[0;34mStep 0.5: Verifying Package Versions[0m
[0;34m===================================================[0m
Root TypeScript version:
		"typescript": "^5.4.5"
Webview TypeScript version:
		"typescript": "^5.4.5",
Webview Vite version:
		"vite": "^5.4.11",
[1;33mâš ï¸  TypeScript versions don't match between root and webview[0m
[1;33mâš ï¸  This may cause issues![0m
[0;32mâœ… Version check complete[0m

